{
  "0 debug pnpm:scope": {
    "selected": 1
  },
  "1 error pnpm": {
    "code": "ELIFECYCLE",
    "errno": "ENOENT",
    "syscall": "spawn",
    "file": "sh",
    "pkgid": "svelte-app@1.0.0",
    "stage": "dev",
    "script": "rollup -c -w",
    "pkgname": "svelte-app",
    "err": {
      "name": "Error",
      "message": "svelte-app@1.0.0 dev: `rollup -c -w`\nspawn ENOENT",
      "code": "ELIFECYCLE",
      "stack": "Error: svelte-app@1.0.0 dev: `rollup -c -w`\nspawn ENOENT\n    at ChildProcess.<anonymous> (/usr/local/lib/node_modules/pnpm/dist/pnpm.cjs:88671:20)\n    at ChildProcess.emit (events.js:400:28)\n    at maybeClose (internal/child_process.js:1058:16)\n    at Process.ChildProcess._handle.onexit (internal/child_process.js:293:5)"
    }
  }
}